     1                                  ;Codul de mai jos va deschide fisierul numit "ana.txt" in directorul curent si va adauga un text la finalul acelui fisier
     2                                  ;Programul va folosi functia fopen pentru deschiderea/crearea fisierului, functia fprintf pentru scrierea in fisier si functia fclose pentru inchiderea fisierului creat
     3                                  ;Deoarece in apelul functiei fopen programul foloseste modul de acces "a", daca un fisier cu numele exista deja in directorul curent, la continutul acelui fisier se va adauga un text. Daca fisierul cu numele dat nu 
     4                                  bits 32 ; assembling for the 32 bits architecture
     5                                  
     6                                  ; declare the EntryPoint (a label defining the very first instruction of the program)
     7                                  global start        
     8                                  
     9                                  ; declare external functions needed by our program
    10                                  extern exit, fopen, fclose, fprintf               ; tell nasm that exit exists even if we won't be defining it
    11                                  import exit msvcrt.dll    ; exit is a function that ends the calling process. It is defined in msvcrt.dll
    12                                  import fopen msvcrt.dll
    13                                  import fclose msvcrt.dll
    14                                  import fprintf msvcrt.dll
    15                                                            ; msvcrt.dll contains exit, printf and all the other important C-runtime specific functions
    16                                  
    17                                  ; our data is declared here (the variables needed by our program)
    18                                  segment data use32 class=data
    19                                      ; ...
    20 00000000 616E612E74787400            nume_fisier db "ana.txt", 0 ;numele fisierului care va fi creat
    21 00000008 6100                        mod_acces db "a", 0         ;modul de deschidere a fisierului
    22                                                                  ;a-pentru adaugare. Daca fisierul nu exista, se va crea fisierul
    23 0000000A 416E61206172652073-         text db "Ana are si pere", 0;textul care va fi adaugat in fisier
    23 00000013 69207065726500     
    24 0000001A FFFFFFFF                    descriptor_fisier dd -1 ;variabila in care vom salva descriptorul fisierului - necesar pentru a putea face referire la fisier
    25                                  
    26                                  ; our code starts here
    27                                  segment code use32 class=code
    28                                      start:
    29                                          ; ...
    30                                          ;apelam fopen pentru a crea fisierul
    31                                          ;functia va returna in eax descriptorul fisierului sau 0 in caz de eroare
    32                                          ;eax = fopen(nume_fisier, mod_acces)
    33 00000000 68[08000000]                    push dword mod_acces
    34 00000005 68[00000000]                    push dword nume_fisier
    35 0000000A FF15[00000000]                  call [fopen]
    36 00000010 83C408                          add esp, 4 * 2
    37                                          
    38 00000013 A3[1A000000]                    mov [descriptor_fisier], eax ;salvam valorea returnata de fopen in variabila descriptor_fisier
    39                                          
    40                                          ;verificam daca functia fopen a creat cu succes fisierul (daca EAX != 0)
    41 00000018 83F800                          cmp eax, 0
    42 0000001B 7423                            je final
    43                                          
    44                                          ;adaugam/scriem textul in fisier cu functia fprintf
    45                                          ;fprintf(descriptor_fisier, text)
    46 0000001D 68[0A000000]                    push dword text
    47 00000022 FF35[1A000000]                  push dword [descriptor_fisier]
    48 00000028 FF15[00000000]                  call [fprintf]
    49 0000002E 83C408                          add esp, 4 * 2
    50                                          
    51                                          ;apelam functia fclose pentru a inchide fisierul
    52                                          ;fclose(descriptor_fisier)
    53 00000031 FF35[1A000000]                  push dword [descriptor_fisier]
    54 00000037 FF15[00000000]                  call [fclose]
    55 0000003D 83C404                          add esp, 4
    56                                          
    57                                          final:
    58                                      
    59                                          ; exit(0)
    60 00000040 6A00                            push    dword 0      ; push the parameter for exit onto the stack
    61 00000042 FF15[00000000]                  call    [exit]       ; call exit to terminate the program
